==1215688== Memcheck, a memory error detector
==1215688== Copyright (C) 2002-2017, and GNU GPL'd, by Julian Seward et al.
==1215688== Using Valgrind-3.15.0 and LibVEX; rerun with -h for copyright info
==1215688== Command: ./minishell
==1215688== Parent PID: 1208896
==1215688== 
==1215688== 
==1215688== HEAP SUMMARY:
==1215688==     in use at exit: 204,756 bytes in 222 blocks
==1215688==   total heap usage: 657 allocs, 435 frees, 232,387 bytes allocated
==1215688== 
==1215688== 8 bytes in 1 blocks are still reachable in loss record 1 of 62
==1215688==    at 0x483B7F3: malloc (in /usr/lib/x86_64-linux-gnu/valgrind/vgpreload_memcheck-amd64-linux.so)
==1215688==    by 0x495450E: strdup (strdup.c:42)
==1215688==    by 0x4ABF4F7: _nc_trim_sgr0 (in /usr/lib/x86_64-linux-gnu/libtinfo.so.6.2)
==1215688==    by 0x4AB8538: tgetent_sp (in /usr/lib/x86_64-linux-gnu/libtinfo.so.6.2)
==1215688==    by 0x489375B: _rl_init_terminal_io (in /usr/lib/x86_64-linux-gnu/libreadline.so.8.0)
==1215688==    by 0x48781FF: rl_initialize (in /usr/lib/x86_64-linux-gnu/libreadline.so.8.0)
==1215688==    by 0x48784AF: readline (in /usr/lib/x86_64-linux-gnu/libreadline.so.8.0)
==1215688==    by 0x4014A2: minishell_loop (in /mnt/nfs/homes/ldes-cou/42cursus/minishell/minishell)
==1215688==    by 0x401577: main (in /mnt/nfs/homes/ldes-cou/42cursus/minishell/minishell)
==1215688== 
==1215688== 8 bytes in 1 blocks are still reachable in loss record 2 of 62
==1215688==    at 0x483DFAF: realloc (in /usr/lib/x86_64-linux-gnu/valgrind/vgpreload_memcheck-amd64-linux.so)
==1215688==    by 0x489E041: xrealloc (in /usr/lib/x86_64-linux-gnu/libreadline.so.8.0)
==1215688==    by 0x4889063: ??? (in /usr/lib/x86_64-linux-gnu/libreadline.so.8.0)
==1215688==    by 0x48897D5: rl_expand_prompt (in /usr/lib/x86_64-linux-gnu/libreadline.so.8.0)
==1215688==    by 0x4876FE5: rl_set_prompt (in /usr/lib/x86_64-linux-gnu/libreadline.so.8.0)
==1215688==    by 0x48784AA: readline (in /usr/lib/x86_64-linux-gnu/libreadline.so.8.0)
==1215688==    by 0x4014A2: minishell_loop (in /mnt/nfs/homes/ldes-cou/42cursus/minishell/minishell)
==1215688==    by 0x401577: main (in /mnt/nfs/homes/ldes-cou/42cursus/minishell/minishell)
==1215688== 
==1215688== 13 bytes in 1 blocks are still reachable in loss record 3 of 62
==1215688==    at 0x483B7F3: malloc (in /usr/lib/x86_64-linux-gnu/valgrind/vgpreload_memcheck-amd64-linux.so)
==1215688==    by 0x489E00C: xmalloc (in /usr/lib/x86_64-linux-gnu/libreadline.so.8.0)
==1215688==    by 0x4885CF2: ??? (in /usr/lib/x86_64-linux-gnu/libreadline.so.8.0)
==1215688==    by 0x4878228: rl_initialize (in /usr/lib/x86_64-linux-gnu/libreadline.so.8.0)
==1215688==    by 0x48784AF: readline (in /usr/lib/x86_64-linux-gnu/libreadline.so.8.0)
==1215688==    by 0x4014A2: minishell_loop (in /mnt/nfs/homes/ldes-cou/42cursus/minishell/minishell)
==1215688==    by 0x401577: main (in /mnt/nfs/homes/ldes-cou/42cursus/minishell/minishell)
==1215688== 
==1215688== 14 bytes in 1 blocks are still reachable in loss record 4 of 62
==1215688==    at 0x483DFAF: realloc (in /usr/lib/x86_64-linux-gnu/valgrind/vgpreload_memcheck-amd64-linux.so)
==1215688==    by 0x4AB52C7: _nc_doalloc (in /usr/lib/x86_64-linux-gnu/libtinfo.so.6.2)
==1215688==    by 0x4AB9C3E: tparm (in /usr/lib/x86_64-linux-gnu/libtinfo.so.6.2)
==1215688==    by 0x4ABF274: ??? (in /usr/lib/x86_64-linux-gnu/libtinfo.so.6.2)
==1215688==    by 0x4ABF4E9: _nc_trim_sgr0 (in /usr/lib/x86_64-linux-gnu/libtinfo.so.6.2)
==1215688==    by 0x4AB8538: tgetent_sp (in /usr/lib/x86_64-linux-gnu/libtinfo.so.6.2)
==1215688==    by 0x489375B: _rl_init_terminal_io (in /usr/lib/x86_64-linux-gnu/libreadline.so.8.0)
==1215688==    by 0x48781FF: rl_initialize (in /usr/lib/x86_64-linux-gnu/libreadline.so.8.0)
==1215688==    by 0x48784AF: readline (in /usr/lib/x86_64-linux-gnu/libreadline.so.8.0)
==1215688==    by 0x4014A2: minishell_loop (in /mnt/nfs/homes/ldes-cou/42cursus/minishell/minishell)
==1215688==    by 0x401577: main (in /mnt/nfs/homes/ldes-cou/42cursus/minishell/minishell)
==1215688== 
==1215688== 15 bytes in 1 blocks are still reachable in loss record 5 of 62
==1215688==    at 0x483B7F3: malloc (in /usr/lib/x86_64-linux-gnu/valgrind/vgpreload_memcheck-amd64-linux.so)
==1215688==    by 0x495450E: strdup (strdup.c:42)
==1215688==    by 0x4AB7E4F: _nc_setupterm (in /usr/lib/x86_64-linux-gnu/libtinfo.so.6.2)
==1215688==    by 0x4AB8359: tgetent_sp (in /usr/lib/x86_64-linux-gnu/libtinfo.so.6.2)
==1215688==    by 0x489375B: _rl_init_terminal_io (in /usr/lib/x86_64-linux-gnu/libreadline.so.8.0)
==1215688==    by 0x48781FF: rl_initialize (in /usr/lib/x86_64-linux-gnu/libreadline.so.8.0)
==1215688==    by 0x48784AF: readline (in /usr/lib/x86_64-linux-gnu/libreadline.so.8.0)
==1215688==    by 0x4014A2: minishell_loop (in /mnt/nfs/homes/ldes-cou/42cursus/minishell/minishell)
==1215688==    by 0x401577: main (in /mnt/nfs/homes/ldes-cou/42cursus/minishell/minishell)
==1215688== 
==1215688== 16 bytes in 1 blocks are still reachable in loss record 6 of 62
==1215688==    at 0x483B7F3: malloc (in /usr/lib/x86_64-linux-gnu/valgrind/vgpreload_memcheck-amd64-linux.so)
==1215688==    by 0x4878317: rl_initialize (in /usr/lib/x86_64-linux-gnu/libreadline.so.8.0)
==1215688==    by 0x48784AF: readline (in /usr/lib/x86_64-linux-gnu/libreadline.so.8.0)
==1215688==    by 0x4014A2: minishell_loop (in /mnt/nfs/homes/ldes-cou/42cursus/minishell/minishell)
==1215688==    by 0x401577: main (in /mnt/nfs/homes/ldes-cou/42cursus/minishell/minishell)
==1215688== 
==1215688== 20 bytes in 1 blocks are still reachable in loss record 7 of 62
==1215688==    at 0x483B7F3: malloc (in /usr/lib/x86_64-linux-gnu/valgrind/vgpreload_memcheck-amd64-linux.so)
==1215688==    by 0x404B25: init_redir (in /mnt/nfs/homes/ldes-cou/42cursus/minishell/minishell)
==1215688==    by 0x404C4B: init_datas (in /mnt/nfs/homes/ldes-cou/42cursus/minishell/minishell)
==1215688==    by 0x40156B: main (in /mnt/nfs/homes/ldes-cou/42cursus/minishell/minishell)
==1215688== 
==1215688== 20 bytes in 1 blocks are still reachable in loss record 8 of 62
==1215688==    at 0x483B7F3: malloc (in /usr/lib/x86_64-linux-gnu/valgrind/vgpreload_memcheck-amd64-linux.so)
==1215688==    by 0x489E00C: xmalloc (in /usr/lib/x86_64-linux-gnu/libreadline.so.8.0)
==1215688==    by 0x48869D3: ??? (in /usr/lib/x86_64-linux-gnu/libreadline.so.8.0)
==1215688==    by 0x4885818: rl_parse_and_bind (in /usr/lib/x86_64-linux-gnu/libreadline.so.8.0)
==1215688==    by 0x4885C6C: ??? (in /usr/lib/x86_64-linux-gnu/libreadline.so.8.0)
==1215688==    by 0x4878228: rl_initialize (in /usr/lib/x86_64-linux-gnu/libreadline.so.8.0)
==1215688==    by 0x48784AF: readline (in /usr/lib/x86_64-linux-gnu/libreadline.so.8.0)
==1215688==    by 0x4014A2: minishell_loop (in /mnt/nfs/homes/ldes-cou/42cursus/minishell/minishell)
==1215688==    by 0x401577: main (in /mnt/nfs/homes/ldes-cou/42cursus/minishell/minishell)
==1215688== 
==1215688== 20 bytes in 2 blocks are still reachable in loss record 9 of 62
==1215688==    at 0x483B7F3: malloc (in /usr/lib/x86_64-linux-gnu/valgrind/vgpreload_memcheck-amd64-linux.so)
==1215688==    by 0x489E00C: xmalloc (in /usr/lib/x86_64-linux-gnu/libreadline.so.8.0)
==1215688==    by 0x4897760: alloc_history_entry (in /usr/lib/x86_64-linux-gnu/libreadline.so.8.0)
==1215688==    by 0x4897A04: add_history (in /usr/lib/x86_64-linux-gnu/libreadline.so.8.0)
==1215688==    by 0x40139F: manage_history (in /mnt/nfs/homes/ldes-cou/42cursus/minishell/minishell)
==1215688==    by 0x4013D3: minishell_to_parser (in /mnt/nfs/homes/ldes-cou/42cursus/minishell/minishell)
==1215688==    by 0x4014DC: minishell_loop (in /mnt/nfs/homes/ldes-cou/42cursus/minishell/minishell)
==1215688==    by 0x401577: main (in /mnt/nfs/homes/ldes-cou/42cursus/minishell/minishell)
==1215688== 
==1215688== 23 bytes in 1 blocks are still reachable in loss record 10 of 62
==1215688==    at 0x483B7F3: malloc (in /usr/lib/x86_64-linux-gnu/valgrind/vgpreload_memcheck-amd64-linux.so)
==1215688==    by 0x489E00C: xmalloc (in /usr/lib/x86_64-linux-gnu/libreadline.so.8.0)
==1215688==    by 0x4877010: rl_set_prompt (in /usr/lib/x86_64-linux-gnu/libreadline.so.8.0)
==1215688==    by 0x48784AA: readline (in /usr/lib/x86_64-linux-gnu/libreadline.so.8.0)
==1215688==    by 0x4014A2: minishell_loop (in /mnt/nfs/homes/ldes-cou/42cursus/minishell/minishell)
==1215688==    by 0x401577: main (in /mnt/nfs/homes/ldes-cou/42cursus/minishell/minishell)
==1215688== 
==1215688== 23 bytes in 1 blocks are still reachable in loss record 11 of 62
==1215688==    at 0x483B7F3: malloc (in /usr/lib/x86_64-linux-gnu/valgrind/vgpreload_memcheck-amd64-linux.so)
==1215688==    by 0x489E00C: xmalloc (in /usr/lib/x86_64-linux-gnu/libreadline.so.8.0)
==1215688==    by 0x488902F: ??? (in /usr/lib/x86_64-linux-gnu/libreadline.so.8.0)
==1215688==    by 0x48897D5: rl_expand_prompt (in /usr/lib/x86_64-linux-gnu/libreadline.so.8.0)
==1215688==    by 0x4876FE5: rl_set_prompt (in /usr/lib/x86_64-linux-gnu/libreadline.so.8.0)
==1215688==    by 0x48784AA: readline (in /usr/lib/x86_64-linux-gnu/libreadline.so.8.0)
==1215688==    by 0x4014A2: minishell_loop (in /mnt/nfs/homes/ldes-cou/42cursus/minishell/minishell)
==1215688==    by 0x401577: main (in /mnt/nfs/homes/ldes-cou/42cursus/minishell/minishell)
==1215688== 
==1215688== 24 bytes in 1 blocks are still reachable in loss record 12 of 62
==1215688==    at 0x483B7F3: malloc (in /usr/lib/x86_64-linux-gnu/valgrind/vgpreload_memcheck-amd64-linux.so)
==1215688==    by 0x495450E: strdup (strdup.c:42)
==1215688==    by 0x4AB4AA7: ??? (in /usr/lib/x86_64-linux-gnu/libtinfo.so.6.2)
==1215688==    by 0x4AB4D9B: _nc_first_db (in /usr/lib/x86_64-linux-gnu/libtinfo.so.6.2)
==1215688==    by 0x4ABEE1E: _nc_read_entry2 (in /usr/lib/x86_64-linux-gnu/libtinfo.so.6.2)
==1215688==    by 0x4AB79F5: ??? (in /usr/lib/x86_64-linux-gnu/libtinfo.so.6.2)
==1215688==    by 0x4AB7E04: _nc_setupterm (in /usr/lib/x86_64-linux-gnu/libtinfo.so.6.2)
==1215688==    by 0x4AB8359: tgetent_sp (in /usr/lib/x86_64-linux-gnu/libtinfo.so.6.2)
==1215688==    by 0x489375B: _rl_init_terminal_io (in /usr/lib/x86_64-linux-gnu/libreadline.so.8.0)
==1215688==    by 0x48781FF: rl_initialize (in /usr/lib/x86_64-linux-gnu/libreadline.so.8.0)
==1215688==    by 0x48784AF: readline (in /usr/lib/x86_64-linux-gnu/libreadline.so.8.0)
==1215688==    by 0x4014A2: minishell_loop (in /mnt/nfs/homes/ldes-cou/42cursus/minishell/minishell)
==1215688== 
==1215688== 24 bytes in 2 blocks are still reachable in loss record 13 of 62
==1215688==    at 0x483B7F3: malloc (in /usr/lib/x86_64-linux-gnu/valgrind/vgpreload_memcheck-amd64-linux.so)
==1215688==    by 0x489E00C: xmalloc (in /usr/lib/x86_64-linux-gnu/libreadline.so.8.0)
==1215688==    by 0x48979E2: add_history (in /usr/lib/x86_64-linux-gnu/libreadline.so.8.0)
==1215688==    by 0x40139F: manage_history (in /mnt/nfs/homes/ldes-cou/42cursus/minishell/minishell)
==1215688==    by 0x4013D3: minishell_to_parser (in /mnt/nfs/homes/ldes-cou/42cursus/minishell/minishell)
==1215688==    by 0x4014DC: minishell_loop (in /mnt/nfs/homes/ldes-cou/42cursus/minishell/minishell)
==1215688==    by 0x401577: main (in /mnt/nfs/homes/ldes-cou/42cursus/minishell/minishell)
==1215688== 
==1215688== 36 bytes in 1 blocks are still reachable in loss record 14 of 62
==1215688==    at 0x483B7F3: malloc (in /usr/lib/x86_64-linux-gnu/valgrind/vgpreload_memcheck-amd64-linux.so)
==1215688==    by 0x4AB568C: _nc_home_terminfo (in /usr/lib/x86_64-linux-gnu/libtinfo.so.6.2)
==1215688==    by 0x4AB4D85: _nc_first_db (in /usr/lib/x86_64-linux-gnu/libtinfo.so.6.2)
==1215688==    by 0x4ABEE1E: _nc_read_entry2 (in /usr/lib/x86_64-linux-gnu/libtinfo.so.6.2)
==1215688==    by 0x4AB79F5: ??? (in /usr/lib/x86_64-linux-gnu/libtinfo.so.6.2)
==1215688==    by 0x4AB7E04: _nc_setupterm (in /usr/lib/x86_64-linux-gnu/libtinfo.so.6.2)
==1215688==    by 0x4AB8359: tgetent_sp (in /usr/lib/x86_64-linux-gnu/libtinfo.so.6.2)
==1215688==    by 0x489375B: _rl_init_terminal_io (in /usr/lib/x86_64-linux-gnu/libreadline.so.8.0)
==1215688==    by 0x48781FF: rl_initialize (in /usr/lib/x86_64-linux-gnu/libreadline.so.8.0)
==1215688==    by 0x48784AF: readline (in /usr/lib/x86_64-linux-gnu/libreadline.so.8.0)
==1215688==    by 0x4014A2: minishell_loop (in /mnt/nfs/homes/ldes-cou/42cursus/minishell/minishell)
==1215688==    by 0x401577: main (in /mnt/nfs/homes/ldes-cou/42cursus/minishell/minishell)
==1215688== 
==1215688== 46 bytes in 1 blocks are still reachable in loss record 16 of 62
==1215688==    at 0x483B7F3: malloc (in /usr/lib/x86_64-linux-gnu/valgrind/vgpreload_memcheck-amd64-linux.so)
==1215688==    by 0x4AB318E: ??? (in /usr/lib/x86_64-linux-gnu/libtinfo.so.6.2)
==1215688==    by 0x4AB7E1B: _nc_setupterm (in /usr/lib/x86_64-linux-gnu/libtinfo.so.6.2)
==1215688==    by 0x4AB8359: tgetent_sp (in /usr/lib/x86_64-linux-gnu/libtinfo.so.6.2)
==1215688==    by 0x489375B: _rl_init_terminal_io (in /usr/lib/x86_64-linux-gnu/libreadline.so.8.0)
==1215688==    by 0x48781FF: rl_initialize (in /usr/lib/x86_64-linux-gnu/libreadline.so.8.0)
==1215688==    by 0x48784AF: readline (in /usr/lib/x86_64-linux-gnu/libreadline.so.8.0)
==1215688==    by 0x4014A2: minishell_loop (in /mnt/nfs/homes/ldes-cou/42cursus/minishell/minishell)
==1215688==    by 0x401577: main (in /mnt/nfs/homes/ldes-cou/42cursus/minishell/minishell)
==1215688== 
==1215688== 48 bytes in 1 blocks are still reachable in loss record 17 of 62
==1215688==    at 0x483DD99: calloc (in /usr/lib/x86_64-linux-gnu/valgrind/vgpreload_memcheck-amd64-linux.so)
==1215688==    by 0x4AB4E9B: _nc_first_db (in /usr/lib/x86_64-linux-gnu/libtinfo.so.6.2)
==1215688==    by 0x4ABEE1E: _nc_read_entry2 (in /usr/lib/x86_64-linux-gnu/libtinfo.so.6.2)
==1215688==    by 0x4AB79F5: ??? (in /usr/lib/x86_64-linux-gnu/libtinfo.so.6.2)
==1215688==    by 0x4AB7E04: _nc_setupterm (in /usr/lib/x86_64-linux-gnu/libtinfo.so.6.2)
==1215688==    by 0x4AB8359: tgetent_sp (in /usr/lib/x86_64-linux-gnu/libtinfo.so.6.2)
==1215688==    by 0x489375B: _rl_init_terminal_io (in /usr/lib/x86_64-linux-gnu/libreadline.so.8.0)
==1215688==    by 0x48781FF: rl_initialize (in /usr/lib/x86_64-linux-gnu/libreadline.so.8.0)
==1215688==    by 0x48784AF: readline (in /usr/lib/x86_64-linux-gnu/libreadline.so.8.0)
==1215688==    by 0x4014A2: minishell_loop (in /mnt/nfs/homes/ldes-cou/42cursus/minishell/minishell)
==1215688==    by 0x401577: main (in /mnt/nfs/homes/ldes-cou/42cursus/minishell/minishell)
==1215688== 
==1215688== 48 bytes in 2 blocks are still reachable in loss record 18 of 62
==1215688==    at 0x483B7F3: malloc (in /usr/lib/x86_64-linux-gnu/valgrind/vgpreload_memcheck-amd64-linux.so)
==1215688==    by 0x489E00C: xmalloc (in /usr/lib/x86_64-linux-gnu/libreadline.so.8.0)
==1215688==    by 0x4897747: alloc_history_entry (in /usr/lib/x86_64-linux-gnu/libreadline.so.8.0)
==1215688==    by 0x4897A04: add_history (in /usr/lib/x86_64-linux-gnu/libreadline.so.8.0)
==1215688==    by 0x40139F: manage_history (in /mnt/nfs/homes/ldes-cou/42cursus/minishell/minishell)
==1215688==    by 0x4013D3: minishell_to_parser (in /mnt/nfs/homes/ldes-cou/42cursus/minishell/minishell)
==1215688==    by 0x4014DC: minishell_loop (in /mnt/nfs/homes/ldes-cou/42cursus/minishell/minishell)
==1215688==    by 0x401577: main (in /mnt/nfs/homes/ldes-cou/42cursus/minishell/minishell)
==1215688== 
==1215688== 78 bytes in 1 blocks are still reachable in loss record 19 of 62
==1215688==    at 0x483B7F3: malloc (in /usr/lib/x86_64-linux-gnu/valgrind/vgpreload_memcheck-amd64-linux.so)
==1215688==    by 0x4AB31FF: ??? (in /usr/lib/x86_64-linux-gnu/libtinfo.so.6.2)
==1215688==    by 0x4AB7E1B: _nc_setupterm (in /usr/lib/x86_64-linux-gnu/libtinfo.so.6.2)
==1215688==    by 0x4AB8359: tgetent_sp (in /usr/lib/x86_64-linux-gnu/libtinfo.so.6.2)
==1215688==    by 0x489375B: _rl_init_terminal_io (in /usr/lib/x86_64-linux-gnu/libreadline.so.8.0)
==1215688==    by 0x48781FF: rl_initialize (in /usr/lib/x86_64-linux-gnu/libreadline.so.8.0)
==1215688==    by 0x48784AF: readline (in /usr/lib/x86_64-linux-gnu/libreadline.so.8.0)
==1215688==    by 0x4014A2: minishell_loop (in /mnt/nfs/homes/ldes-cou/42cursus/minishell/minishell)
==1215688==    by 0x401577: main (in /mnt/nfs/homes/ldes-cou/42cursus/minishell/minishell)
==1215688== 
==1215688== 94 bytes in 1 blocks are still reachable in loss record 20 of 62
==1215688==    at 0x483B7F3: malloc (in /usr/lib/x86_64-linux-gnu/valgrind/vgpreload_memcheck-amd64-linux.so)
==1215688==    by 0x4AB9542: _nc_tparm_analyze (in /usr/lib/x86_64-linux-gnu/libtinfo.so.6.2)
==1215688==    by 0x4AB97CB: tparm (in /usr/lib/x86_64-linux-gnu/libtinfo.so.6.2)
==1215688==    by 0x4ABF274: ??? (in /usr/lib/x86_64-linux-gnu/libtinfo.so.6.2)
==1215688==    by 0x4ABF4E9: _nc_trim_sgr0 (in /usr/lib/x86_64-linux-gnu/libtinfo.so.6.2)
==1215688==    by 0x4AB8538: tgetent_sp (in /usr/lib/x86_64-linux-gnu/libtinfo.so.6.2)
==1215688==    by 0x489375B: _rl_init_terminal_io (in /usr/lib/x86_64-linux-gnu/libreadline.so.8.0)
==1215688==    by 0x48781FF: rl_initialize (in /usr/lib/x86_64-linux-gnu/libreadline.so.8.0)
==1215688==    by 0x48784AF: readline (in /usr/lib/x86_64-linux-gnu/libreadline.so.8.0)
==1215688==    by 0x4014A2: minishell_loop (in /mnt/nfs/homes/ldes-cou/42cursus/minishell/minishell)
==1215688==    by 0x401577: main (in /mnt/nfs/homes/ldes-cou/42cursus/minishell/minishell)
==1215688== 
==1215688== 105 bytes in 1 blocks are still reachable in loss record 21 of 62
==1215688==    at 0x483B7F3: malloc (in /usr/lib/x86_64-linux-gnu/valgrind/vgpreload_memcheck-amd64-linux.so)
==1215688==    by 0x4AB4E04: _nc_first_db (in /usr/lib/x86_64-linux-gnu/libtinfo.so.6.2)
==1215688==    by 0x4ABEE1E: _nc_read_entry2 (in /usr/lib/x86_64-linux-gnu/libtinfo.so.6.2)
==1215688==    by 0x4AB79F5: ??? (in /usr/lib/x86_64-linux-gnu/libtinfo.so.6.2)
==1215688==    by 0x4AB7E04: _nc_setupterm (in /usr/lib/x86_64-linux-gnu/libtinfo.so.6.2)
==1215688==    by 0x4AB8359: tgetent_sp (in /usr/lib/x86_64-linux-gnu/libtinfo.so.6.2)
==1215688==    by 0x489375B: _rl_init_terminal_io (in /usr/lib/x86_64-linux-gnu/libreadline.so.8.0)
==1215688==    by 0x48781FF: rl_initialize (in /usr/lib/x86_64-linux-gnu/libreadline.so.8.0)
==1215688==    by 0x48784AF: readline (in /usr/lib/x86_64-linux-gnu/libreadline.so.8.0)
==1215688==    by 0x4014A2: minishell_loop (in /mnt/nfs/homes/ldes-cou/42cursus/minishell/minishell)
==1215688==    by 0x401577: main (in /mnt/nfs/homes/ldes-cou/42cursus/minishell/minishell)
==1215688== 
==1215688== 256 bytes in 1 blocks are still reachable in loss record 23 of 62
==1215688==    at 0x483B7F3: malloc (in /usr/lib/x86_64-linux-gnu/valgrind/vgpreload_memcheck-amd64-linux.so)
==1215688==    by 0x489E00C: xmalloc (in /usr/lib/x86_64-linux-gnu/libreadline.so.8.0)
==1215688==    by 0x4878466: rl_initialize (in /usr/lib/x86_64-linux-gnu/libreadline.so.8.0)
==1215688==    by 0x48784AF: readline (in /usr/lib/x86_64-linux-gnu/libreadline.so.8.0)
==1215688==    by 0x4014A2: minishell_loop (in /mnt/nfs/homes/ldes-cou/42cursus/minishell/minishell)
==1215688==    by 0x401577: main (in /mnt/nfs/homes/ldes-cou/42cursus/minishell/minishell)
==1215688== 
==1215688== 280 bytes in 1 blocks are still reachable in loss record 24 of 62
==1215688==    at 0x483DD99: calloc (in /usr/lib/x86_64-linux-gnu/valgrind/vgpreload_memcheck-amd64-linux.so)
==1215688==    by 0x4AB7DB7: _nc_setupterm (in /usr/lib/x86_64-linux-gnu/libtinfo.so.6.2)
==1215688==    by 0x4AB8359: tgetent_sp (in /usr/lib/x86_64-linux-gnu/libtinfo.so.6.2)
==1215688==    by 0x489375B: _rl_init_terminal_io (in /usr/lib/x86_64-linux-gnu/libreadline.so.8.0)
==1215688==    by 0x48781FF: rl_initialize (in /usr/lib/x86_64-linux-gnu/libreadline.so.8.0)
==1215688==    by 0x48784AF: readline (in /usr/lib/x86_64-linux-gnu/libreadline.so.8.0)
==1215688==    by 0x4014A2: minishell_loop (in /mnt/nfs/homes/ldes-cou/42cursus/minishell/minishell)
==1215688==    by 0x401577: main (in /mnt/nfs/homes/ldes-cou/42cursus/minishell/minishell)
==1215688== 
==1215688== 496 bytes in 1 blocks are still reachable in loss record 25 of 62
==1215688==    at 0x483DD99: calloc (in /usr/lib/x86_64-linux-gnu/valgrind/vgpreload_memcheck-amd64-linux.so)
==1215688==    by 0x4ABE78B: _nc_read_termtype (in /usr/lib/x86_64-linux-gnu/libtinfo.so.6.2)
==1215688==    by 0x4ABE91C: ??? (in /usr/lib/x86_64-linux-gnu/libtinfo.so.6.2)
==1215688==    by 0x4ABED13: ??? (in /usr/lib/x86_64-linux-gnu/libtinfo.so.6.2)
==1215688==    by 0x4ABEE44: _nc_read_entry2 (in /usr/lib/x86_64-linux-gnu/libtinfo.so.6.2)
==1215688==    by 0x4AB79F5: ??? (in /usr/lib/x86_64-linux-gnu/libtinfo.so.6.2)
==1215688==    by 0x4AB7E04: _nc_setupterm (in /usr/lib/x86_64-linux-gnu/libtinfo.so.6.2)
==1215688==    by 0x4AB8359: tgetent_sp (in /usr/lib/x86_64-linux-gnu/libtinfo.so.6.2)
==1215688==    by 0x489375B: _rl_init_terminal_io (in /usr/lib/x86_64-linux-gnu/libreadline.so.8.0)
==1215688==    by 0x48781FF: rl_initialize (in /usr/lib/x86_64-linux-gnu/libreadline.so.8.0)
==1215688==    by 0x48784AF: readline (in /usr/lib/x86_64-linux-gnu/libreadline.so.8.0)
==1215688==    by 0x4014A2: minishell_loop (in /mnt/nfs/homes/ldes-cou/42cursus/minishell/minishell)
==1215688== 
==1215688== 496 bytes in 1 blocks are still reachable in loss record 26 of 62
==1215688==    at 0x483B7F3: malloc (in /usr/lib/x86_64-linux-gnu/valgrind/vgpreload_memcheck-amd64-linux.so)
==1215688==    by 0x4AB32D9: ??? (in /usr/lib/x86_64-linux-gnu/libtinfo.so.6.2)
==1215688==    by 0x4AB7E1B: _nc_setupterm (in /usr/lib/x86_64-linux-gnu/libtinfo.so.6.2)
==1215688==    by 0x4AB8359: tgetent_sp (in /usr/lib/x86_64-linux-gnu/libtinfo.so.6.2)
==1215688==    by 0x489375B: _rl_init_terminal_io (in /usr/lib/x86_64-linux-gnu/libreadline.so.8.0)
==1215688==    by 0x48781FF: rl_initialize (in /usr/lib/x86_64-linux-gnu/libreadline.so.8.0)
==1215688==    by 0x48784AF: readline (in /usr/lib/x86_64-linux-gnu/libreadline.so.8.0)
==1215688==    by 0x4014A2: minishell_loop (in /mnt/nfs/homes/ldes-cou/42cursus/minishell/minishell)
==1215688==    by 0x401577: main (in /mnt/nfs/homes/ldes-cou/42cursus/minishell/minishell)
==1215688== 
==1215688== 755 bytes in 1 blocks are still reachable in loss record 27 of 62
==1215688==    at 0x483B7F3: malloc (in /usr/lib/x86_64-linux-gnu/valgrind/vgpreload_memcheck-amd64-linux.so)
==1215688==    by 0x4ABE80B: _nc_read_termtype (in /usr/lib/x86_64-linux-gnu/libtinfo.so.6.2)
==1215688==    by 0x4ABE91C: ??? (in /usr/lib/x86_64-linux-gnu/libtinfo.so.6.2)
==1215688==    by 0x4ABED13: ??? (in /usr/lib/x86_64-linux-gnu/libtinfo.so.6.2)
==1215688==    by 0x4ABEE44: _nc_read_entry2 (in /usr/lib/x86_64-linux-gnu/libtinfo.so.6.2)
==1215688==    by 0x4AB79F5: ??? (in /usr/lib/x86_64-linux-gnu/libtinfo.so.6.2)
==1215688==    by 0x4AB7E04: _nc_setupterm (in /usr/lib/x86_64-linux-gnu/libtinfo.so.6.2)
==1215688==    by 0x4AB8359: tgetent_sp (in /usr/lib/x86_64-linux-gnu/libtinfo.so.6.2)
==1215688==    by 0x489375B: _rl_init_terminal_io (in /usr/lib/x86_64-linux-gnu/libreadline.so.8.0)
==1215688==    by 0x48781FF: rl_initialize (in /usr/lib/x86_64-linux-gnu/libreadline.so.8.0)
==1215688==    by 0x48784AF: readline (in /usr/lib/x86_64-linux-gnu/libreadline.so.8.0)
==1215688==    by 0x4014A2: minishell_loop (in /mnt/nfs/homes/ldes-cou/42cursus/minishell/minishell)
==1215688== 
==1215688== 1,024 bytes in 1 blocks are still reachable in loss record 28 of 62
==1215688==    at 0x483B7F3: malloc (in /usr/lib/x86_64-linux-gnu/valgrind/vgpreload_memcheck-amd64-linux.so)
==1215688==    by 0x489E00C: xmalloc (in /usr/lib/x86_64-linux-gnu/libreadline.so.8.0)
==1215688==    by 0x4888B8A: ??? (in /usr/lib/x86_64-linux-gnu/libreadline.so.8.0)
==1215688==    by 0x488E0E6: rl_redisplay (in /usr/lib/x86_64-linux-gnu/libreadline.so.8.0)
==1215688==    by 0x48770F6: readline_internal_setup (in /usr/lib/x86_64-linux-gnu/libreadline.so.8.0)
==1215688==    by 0x48784D3: readline (in /usr/lib/x86_64-linux-gnu/libreadline.so.8.0)
==1215688==    by 0x4014A2: minishell_loop (in /mnt/nfs/homes/ldes-cou/42cursus/minishell/minishell)
==1215688==    by 0x401577: main (in /mnt/nfs/homes/ldes-cou/42cursus/minishell/minishell)
==1215688== 
==1215688== 1,024 bytes in 1 blocks are still reachable in loss record 29 of 62
==1215688==    at 0x483B7F3: malloc (in /usr/lib/x86_64-linux-gnu/valgrind/vgpreload_memcheck-amd64-linux.so)
==1215688==    by 0x489E00C: xmalloc (in /usr/lib/x86_64-linux-gnu/libreadline.so.8.0)
==1215688==    by 0x4888BA0: ??? (in /usr/lib/x86_64-linux-gnu/libreadline.so.8.0)
==1215688==    by 0x488E0E6: rl_redisplay (in /usr/lib/x86_64-linux-gnu/libreadline.so.8.0)
==1215688==    by 0x48770F6: readline_internal_setup (in /usr/lib/x86_64-linux-gnu/libreadline.so.8.0)
==1215688==    by 0x48784D3: readline (in /usr/lib/x86_64-linux-gnu/libreadline.so.8.0)
==1215688==    by 0x4014A2: minishell_loop (in /mnt/nfs/homes/ldes-cou/42cursus/minishell/minishell)
==1215688==    by 0x401577: main (in /mnt/nfs/homes/ldes-cou/42cursus/minishell/minishell)
==1215688== 
==1215688== 1,024 bytes in 1 blocks are still reachable in loss record 30 of 62
==1215688==    at 0x483B7F3: malloc (in /usr/lib/x86_64-linux-gnu/valgrind/vgpreload_memcheck-amd64-linux.so)
==1215688==    by 0x489E00C: xmalloc (in /usr/lib/x86_64-linux-gnu/libreadline.so.8.0)
==1215688==    by 0x4888BE8: ??? (in /usr/lib/x86_64-linux-gnu/libreadline.so.8.0)
==1215688==    by 0x488E0E6: rl_redisplay (in /usr/lib/x86_64-linux-gnu/libreadline.so.8.0)
==1215688==    by 0x48770F6: readline_internal_setup (in /usr/lib/x86_64-linux-gnu/libreadline.so.8.0)
==1215688==    by 0x48784D3: readline (in /usr/lib/x86_64-linux-gnu/libreadline.so.8.0)
==1215688==    by 0x4014A2: minishell_loop (in /mnt/nfs/homes/ldes-cou/42cursus/minishell/minishell)
==1215688==    by 0x401577: main (in /mnt/nfs/homes/ldes-cou/42cursus/minishell/minishell)
==1215688== 
==1215688== 1,024 bytes in 1 blocks are still reachable in loss record 31 of 62
==1215688==    at 0x483B7F3: malloc (in /usr/lib/x86_64-linux-gnu/valgrind/vgpreload_memcheck-amd64-linux.so)
==1215688==    by 0x489E00C: xmalloc (in /usr/lib/x86_64-linux-gnu/libreadline.so.8.0)
==1215688==    by 0x4888C07: ??? (in /usr/lib/x86_64-linux-gnu/libreadline.so.8.0)
==1215688==    by 0x488E0E6: rl_redisplay (in /usr/lib/x86_64-linux-gnu/libreadline.so.8.0)
==1215688==    by 0x48770F6: readline_internal_setup (in /usr/lib/x86_64-linux-gnu/libreadline.so.8.0)
==1215688==    by 0x48784D3: readline (in /usr/lib/x86_64-linux-gnu/libreadline.so.8.0)
==1215688==    by 0x4014A2: minishell_loop (in /mnt/nfs/homes/ldes-cou/42cursus/minishell/minishell)
==1215688==    by 0x401577: main (in /mnt/nfs/homes/ldes-cou/42cursus/minishell/minishell)
==1215688== 
==1215688== 1,024 bytes in 1 blocks are still reachable in loss record 32 of 62
==1215688==    at 0x483B7F3: malloc (in /usr/lib/x86_64-linux-gnu/valgrind/vgpreload_memcheck-amd64-linux.so)
==1215688==    by 0x489E00C: xmalloc (in /usr/lib/x86_64-linux-gnu/libreadline.so.8.0)
==1215688==    by 0x4888C1F: ??? (in /usr/lib/x86_64-linux-gnu/libreadline.so.8.0)
==1215688==    by 0x488E0E6: rl_redisplay (in /usr/lib/x86_64-linux-gnu/libreadline.so.8.0)
==1215688==    by 0x48770F6: readline_internal_setup (in /usr/lib/x86_64-linux-gnu/libreadline.so.8.0)
==1215688==    by 0x48784D3: readline (in /usr/lib/x86_64-linux-gnu/libreadline.so.8.0)
==1215688==    by 0x4014A2: minishell_loop (in /mnt/nfs/homes/ldes-cou/42cursus/minishell/minishell)
==1215688==    by 0x401577: main (in /mnt/nfs/homes/ldes-cou/42cursus/minishell/minishell)
==1215688== 
==1215688== 1,024 bytes in 1 blocks are still reachable in loss record 33 of 62
==1215688==    at 0x483B7F3: malloc (in /usr/lib/x86_64-linux-gnu/valgrind/vgpreload_memcheck-amd64-linux.so)
==1215688==    by 0x489E00C: xmalloc (in /usr/lib/x86_64-linux-gnu/libreadline.so.8.0)
==1215688==    by 0x4888C37: ??? (in /usr/lib/x86_64-linux-gnu/libreadline.so.8.0)
==1215688==    by 0x488E0E6: rl_redisplay (in /usr/lib/x86_64-linux-gnu/libreadline.so.8.0)
==1215688==    by 0x48770F6: readline_internal_setup (in /usr/lib/x86_64-linux-gnu/libreadline.so.8.0)
==1215688==    by 0x48784D3: readline (in /usr/lib/x86_64-linux-gnu/libreadline.so.8.0)
==1215688==    by 0x4014A2: minishell_loop (in /mnt/nfs/homes/ldes-cou/42cursus/minishell/minishell)
==1215688==    by 0x401577: main (in /mnt/nfs/homes/ldes-cou/42cursus/minishell/minishell)
==1215688== 
==1215688== 1,536 bytes in 1 blocks are still reachable in loss record 34 of 62
==1215688==    at 0x483DFAF: realloc (in /usr/lib/x86_64-linux-gnu/valgrind/vgpreload_memcheck-amd64-linux.so)
==1215688==    by 0x489E041: xrealloc (in /usr/lib/x86_64-linux-gnu/libreadline.so.8.0)
==1215688==    by 0x487C944: rl_add_funmap_entry (in /usr/lib/x86_64-linux-gnu/libreadline.so.8.0)
==1215688==    by 0x487C998: rl_initialize_funmap (in /usr/lib/x86_64-linux-gnu/libreadline.so.8.0)
==1215688==    by 0x487821C: rl_initialize (in /usr/lib/x86_64-linux-gnu/libreadline.so.8.0)
==1215688==    by 0x48784AF: readline (in /usr/lib/x86_64-linux-gnu/libreadline.so.8.0)
==1215688==    by 0x4014A2: minishell_loop (in /mnt/nfs/homes/ldes-cou/42cursus/minishell/minishell)
==1215688==    by 0x401577: main (in /mnt/nfs/homes/ldes-cou/42cursus/minishell/minishell)
==1215688== 
==1215688== 1,556 bytes in 1 blocks are still reachable in loss record 35 of 62
==1215688==    at 0x483B7F3: malloc (in /usr/lib/x86_64-linux-gnu/valgrind/vgpreload_memcheck-amd64-linux.so)
==1215688==    by 0x4ABDE82: _nc_read_termtype (in /usr/lib/x86_64-linux-gnu/libtinfo.so.6.2)
==1215688==    by 0x4ABE91C: ??? (in /usr/lib/x86_64-linux-gnu/libtinfo.so.6.2)
==1215688==    by 0x4ABED13: ??? (in /usr/lib/x86_64-linux-gnu/libtinfo.so.6.2)
==1215688==    by 0x4ABEE44: _nc_read_entry2 (in /usr/lib/x86_64-linux-gnu/libtinfo.so.6.2)
==1215688==    by 0x4AB79F5: ??? (in /usr/lib/x86_64-linux-gnu/libtinfo.so.6.2)
==1215688==    by 0x4AB7E04: _nc_setupterm (in /usr/lib/x86_64-linux-gnu/libtinfo.so.6.2)
==1215688==    by 0x4AB8359: tgetent_sp (in /usr/lib/x86_64-linux-gnu/libtinfo.so.6.2)
==1215688==    by 0x489375B: _rl_init_terminal_io (in /usr/lib/x86_64-linux-gnu/libreadline.so.8.0)
==1215688==    by 0x48781FF: rl_initialize (in /usr/lib/x86_64-linux-gnu/libreadline.so.8.0)
==1215688==    by 0x48784AF: readline (in /usr/lib/x86_64-linux-gnu/libreadline.so.8.0)
==1215688==    by 0x4014A2: minishell_loop (in /mnt/nfs/homes/ldes-cou/42cursus/minishell/minishell)
==1215688== 
==1215688== 2,032 bytes in 1 blocks are still reachable in loss record 36 of 62
==1215688==    at 0x483B7F3: malloc (in /usr/lib/x86_64-linux-gnu/valgrind/vgpreload_memcheck-amd64-linux.so)
==1215688==    by 0x489E00C: xmalloc (in /usr/lib/x86_64-linux-gnu/libreadline.so.8.0)
==1215688==    by 0x4893999: _rl_init_terminal_io (in /usr/lib/x86_64-linux-gnu/libreadline.so.8.0)
==1215688==    by 0x48781FF: rl_initialize (in /usr/lib/x86_64-linux-gnu/libreadline.so.8.0)
==1215688==    by 0x48784AF: readline (in /usr/lib/x86_64-linux-gnu/libreadline.so.8.0)
==1215688==    by 0x4014A2: minishell_loop (in /mnt/nfs/homes/ldes-cou/42cursus/minishell/minishell)
==1215688==    by 0x401577: main (in /mnt/nfs/homes/ldes-cou/42cursus/minishell/minishell)
==1215688== 
==1215688== 2,208 bytes in 138 blocks are still reachable in loss record 37 of 62
==1215688==    at 0x483B7F3: malloc (in /usr/lib/x86_64-linux-gnu/valgrind/vgpreload_memcheck-amd64-linux.so)
==1215688==    by 0x489E00C: xmalloc (in /usr/lib/x86_64-linux-gnu/libreadline.so.8.0)
==1215688==    by 0x487C8F0: rl_add_funmap_entry (in /usr/lib/x86_64-linux-gnu/libreadline.so.8.0)
==1215688==    by 0x487C998: rl_initialize_funmap (in /usr/lib/x86_64-linux-gnu/libreadline.so.8.0)
==1215688==    by 0x487821C: rl_initialize (in /usr/lib/x86_64-linux-gnu/libreadline.so.8.0)
==1215688==    by 0x48784AF: readline (in /usr/lib/x86_64-linux-gnu/libreadline.so.8.0)
==1215688==    by 0x4014A2: minishell_loop (in /mnt/nfs/homes/ldes-cou/42cursus/minishell/minishell)
==1215688==    by 0x401577: main (in /mnt/nfs/homes/ldes-cou/42cursus/minishell/minishell)
==1215688== 
==1215688== 3,792 bytes in 1 blocks are still reachable in loss record 39 of 62
==1215688==    at 0x483B7F3: malloc (in /usr/lib/x86_64-linux-gnu/valgrind/vgpreload_memcheck-amd64-linux.so)
==1215688==    by 0x4AB31AF: ??? (in /usr/lib/x86_64-linux-gnu/libtinfo.so.6.2)
==1215688==    by 0x4AB7E1B: _nc_setupterm (in /usr/lib/x86_64-linux-gnu/libtinfo.so.6.2)
==1215688==    by 0x4AB8359: tgetent_sp (in /usr/lib/x86_64-linux-gnu/libtinfo.so.6.2)
==1215688==    by 0x489375B: _rl_init_terminal_io (in /usr/lib/x86_64-linux-gnu/libreadline.so.8.0)
==1215688==    by 0x48781FF: rl_initialize (in /usr/lib/x86_64-linux-gnu/libreadline.so.8.0)
==1215688==    by 0x48784AF: readline (in /usr/lib/x86_64-linux-gnu/libreadline.so.8.0)
==1215688==    by 0x4014A2: minishell_loop (in /mnt/nfs/homes/ldes-cou/42cursus/minishell/minishell)
==1215688==    by 0x401577: main (in /mnt/nfs/homes/ldes-cou/42cursus/minishell/minishell)
==1215688== 
==1215688== 4,016 bytes in 1 blocks are still reachable in loss record 40 of 62
==1215688==    at 0x483B7F3: malloc (in /usr/lib/x86_64-linux-gnu/valgrind/vgpreload_memcheck-amd64-linux.so)
==1215688==    by 0x489E00C: xmalloc (in /usr/lib/x86_64-linux-gnu/libreadline.so.8.0)
==1215688==    by 0x4897A5B: add_history (in /usr/lib/x86_64-linux-gnu/libreadline.so.8.0)
==1215688==    by 0x40139F: manage_history (in /mnt/nfs/homes/ldes-cou/42cursus/minishell/minishell)
==1215688==    by 0x4013D3: minishell_to_parser (in /mnt/nfs/homes/ldes-cou/42cursus/minishell/minishell)
==1215688==    by 0x4014DC: minishell_loop (in /mnt/nfs/homes/ldes-cou/42cursus/minishell/minishell)
==1215688==    by 0x401577: main (in /mnt/nfs/homes/ldes-cou/42cursus/minishell/minishell)
==1215688== 
==1215688== 4,080 bytes in 1 blocks are still reachable in loss record 41 of 62
==1215688==    at 0x483B7F3: malloc (in /usr/lib/x86_64-linux-gnu/valgrind/vgpreload_memcheck-amd64-linux.so)
==1215688==    by 0x489E00C: xmalloc (in /usr/lib/x86_64-linux-gnu/libreadline.so.8.0)
==1215688==    by 0x48939B9: _rl_init_terminal_io (in /usr/lib/x86_64-linux-gnu/libreadline.so.8.0)
==1215688==    by 0x48781FF: rl_initialize (in /usr/lib/x86_64-linux-gnu/libreadline.so.8.0)
==1215688==    by 0x48784AF: readline (in /usr/lib/x86_64-linux-gnu/libreadline.so.8.0)
==1215688==    by 0x4014A2: minishell_loop (in /mnt/nfs/homes/ldes-cou/42cursus/minishell/minishell)
==1215688==    by 0x401577: main (in /mnt/nfs/homes/ldes-cou/42cursus/minishell/minishell)
==1215688== 
==1215688== 4,112 bytes in 1 blocks are still reachable in loss record 42 of 62
==1215688==    at 0x483B7F3: malloc (in /usr/lib/x86_64-linux-gnu/valgrind/vgpreload_memcheck-amd64-linux.so)
==1215688==    by 0x489E00C: xmalloc (in /usr/lib/x86_64-linux-gnu/libreadline.so.8.0)
==1215688==    by 0x487CA91: rl_make_bare_keymap (in /usr/lib/x86_64-linux-gnu/libreadline.so.8.0)
==1215688==    by 0x4883D79: rl_generic_bind (in /usr/lib/x86_64-linux-gnu/libreadline.so.8.0)
==1215688==    by 0x4884F1D: rl_bind_keyseq_if_unbound_in_map (in /usr/lib/x86_64-linux-gnu/libreadline.so.8.0)
==1215688==    by 0x4892F45: ??? (in /usr/lib/x86_64-linux-gnu/libreadline.so.8.0)
==1215688==    by 0x4893897: _rl_init_terminal_io (in /usr/lib/x86_64-linux-gnu/libreadline.so.8.0)
==1215688==    by 0x48781FF: rl_initialize (in /usr/lib/x86_64-linux-gnu/libreadline.so.8.0)
==1215688==    by 0x48784AF: readline (in /usr/lib/x86_64-linux-gnu/libreadline.so.8.0)
==1215688==    by 0x4014A2: minishell_loop (in /mnt/nfs/homes/ldes-cou/42cursus/minishell/minishell)
==1215688==    by 0x401577: main (in /mnt/nfs/homes/ldes-cou/42cursus/minishell/minishell)
==1215688== 
==1215688== 4,112 bytes in 1 blocks are still reachable in loss record 43 of 62
==1215688==    at 0x483B7F3: malloc (in /usr/lib/x86_64-linux-gnu/valgrind/vgpreload_memcheck-amd64-linux.so)
==1215688==    by 0x489E00C: xmalloc (in /usr/lib/x86_64-linux-gnu/libreadline.so.8.0)
==1215688==    by 0x487CA91: rl_make_bare_keymap (in /usr/lib/x86_64-linux-gnu/libreadline.so.8.0)
==1215688==    by 0x4883D79: rl_generic_bind (in /usr/lib/x86_64-linux-gnu/libreadline.so.8.0)
==1215688==    by 0x4884F1D: rl_bind_keyseq_if_unbound_in_map (in /usr/lib/x86_64-linux-gnu/libreadline.so.8.0)
==1215688==    by 0x4892FCA: ??? (in /usr/lib/x86_64-linux-gnu/libreadline.so.8.0)
==1215688==    by 0x4893897: _rl_init_terminal_io (in /usr/lib/x86_64-linux-gnu/libreadline.so.8.0)
==1215688==    by 0x48781FF: rl_initialize (in /usr/lib/x86_64-linux-gnu/libreadline.so.8.0)
==1215688==    by 0x48784AF: readline (in /usr/lib/x86_64-linux-gnu/libreadline.so.8.0)
==1215688==    by 0x4014A2: minishell_loop (in /mnt/nfs/homes/ldes-cou/42cursus/minishell/minishell)
==1215688==    by 0x401577: main (in /mnt/nfs/homes/ldes-cou/42cursus/minishell/minishell)
==1215688== 
==1215688== 4,112 bytes in 1 blocks are still reachable in loss record 44 of 62
==1215688==    at 0x483B7F3: malloc (in /usr/lib/x86_64-linux-gnu/valgrind/vgpreload_memcheck-amd64-linux.so)
==1215688==    by 0x489E00C: xmalloc (in /usr/lib/x86_64-linux-gnu/libreadline.so.8.0)
==1215688==    by 0x487CA91: rl_make_bare_keymap (in /usr/lib/x86_64-linux-gnu/libreadline.so.8.0)
==1215688==    by 0x4883D79: rl_generic_bind (in /usr/lib/x86_64-linux-gnu/libreadline.so.8.0)
==1215688==    by 0x4884F1D: rl_bind_keyseq_if_unbound_in_map (in /usr/lib/x86_64-linux-gnu/libreadline.so.8.0)
==1215688==    by 0x4892FCA: ??? (in /usr/lib/x86_64-linux-gnu/libreadline.so.8.0)
==1215688==    by 0x48938A3: _rl_init_terminal_io (in /usr/lib/x86_64-linux-gnu/libreadline.so.8.0)
==1215688==    by 0x48781FF: rl_initialize (in /usr/lib/x86_64-linux-gnu/libreadline.so.8.0)
==1215688==    by 0x48784AF: readline (in /usr/lib/x86_64-linux-gnu/libreadline.so.8.0)
==1215688==    by 0x4014A2: minishell_loop (in /mnt/nfs/homes/ldes-cou/42cursus/minishell/minishell)
==1215688==    by 0x401577: main (in /mnt/nfs/homes/ldes-cou/42cursus/minishell/minishell)
==1215688== 
==1215688== 4,112 bytes in 1 blocks are still reachable in loss record 45 of 62
==1215688==    at 0x483B7F3: malloc (in /usr/lib/x86_64-linux-gnu/valgrind/vgpreload_memcheck-amd64-linux.so)
==1215688==    by 0x489E00C: xmalloc (in /usr/lib/x86_64-linux-gnu/libreadline.so.8.0)
==1215688==    by 0x487CA91: rl_make_bare_keymap (in /usr/lib/x86_64-linux-gnu/libreadline.so.8.0)
==1215688==    by 0x4883D79: rl_generic_bind (in /usr/lib/x86_64-linux-gnu/libreadline.so.8.0)
==1215688==    by 0x4884F1D: rl_bind_keyseq_if_unbound_in_map (in /usr/lib/x86_64-linux-gnu/libreadline.so.8.0)
==1215688==    by 0x4892FCA: ??? (in /usr/lib/x86_64-linux-gnu/libreadline.so.8.0)
==1215688==    by 0x48938AF: _rl_init_terminal_io (in /usr/lib/x86_64-linux-gnu/libreadline.so.8.0)
==1215688==    by 0x48781FF: rl_initialize (in /usr/lib/x86_64-linux-gnu/libreadline.so.8.0)
==1215688==    by 0x48784AF: readline (in /usr/lib/x86_64-linux-gnu/libreadline.so.8.0)
==1215688==    by 0x4014A2: minishell_loop (in /mnt/nfs/homes/ldes-cou/42cursus/minishell/minishell)
==1215688==    by 0x401577: main (in /mnt/nfs/homes/ldes-cou/42cursus/minishell/minishell)
==1215688== 
==1215688== 4,112 bytes in 1 blocks are still reachable in loss record 46 of 62
==1215688==    at 0x483B7F3: malloc (in /usr/lib/x86_64-linux-gnu/valgrind/vgpreload_memcheck-amd64-linux.so)
==1215688==    by 0x489E00C: xmalloc (in /usr/lib/x86_64-linux-gnu/libreadline.so.8.0)
==1215688==    by 0x487CA91: rl_make_bare_keymap (in /usr/lib/x86_64-linux-gnu/libreadline.so.8.0)
==1215688==    by 0x4883D79: rl_generic_bind (in /usr/lib/x86_64-linux-gnu/libreadline.so.8.0)
==1215688==    by 0x4884F1D: rl_bind_keyseq_if_unbound_in_map (in /usr/lib/x86_64-linux-gnu/libreadline.so.8.0)
==1215688==    by 0x4876F72: ??? (in /usr/lib/x86_64-linux-gnu/libreadline.so.8.0)
==1215688==    by 0x4878274: rl_initialize (in /usr/lib/x86_64-linux-gnu/libreadline.so.8.0)
==1215688==    by 0x48784AF: readline (in /usr/lib/x86_64-linux-gnu/libreadline.so.8.0)
==1215688==    by 0x4014A2: minishell_loop (in /mnt/nfs/homes/ldes-cou/42cursus/minishell/minishell)
==1215688==    by 0x401577: main (in /mnt/nfs/homes/ldes-cou/42cursus/minishell/minishell)
==1215688== 
==1215688== 4,112 bytes in 1 blocks are still reachable in loss record 47 of 62
==1215688==    at 0x483B7F3: malloc (in /usr/lib/x86_64-linux-gnu/valgrind/vgpreload_memcheck-amd64-linux.so)
==1215688==    by 0x489E00C: xmalloc (in /usr/lib/x86_64-linux-gnu/libreadline.so.8.0)
==1215688==    by 0x487CA91: rl_make_bare_keymap (in /usr/lib/x86_64-linux-gnu/libreadline.so.8.0)
==1215688==    by 0x4883D79: rl_generic_bind (in /usr/lib/x86_64-linux-gnu/libreadline.so.8.0)
==1215688==    by 0x4884F1D: rl_bind_keyseq_if_unbound_in_map (in /usr/lib/x86_64-linux-gnu/libreadline.so.8.0)
==1215688==    by 0x4876F72: ??? (in /usr/lib/x86_64-linux-gnu/libreadline.so.8.0)
==1215688==    by 0x4878283: rl_initialize (in /usr/lib/x86_64-linux-gnu/libreadline.so.8.0)
==1215688==    by 0x48784AF: readline (in /usr/lib/x86_64-linux-gnu/libreadline.so.8.0)
==1215688==    by 0x4014A2: minishell_loop (in /mnt/nfs/homes/ldes-cou/42cursus/minishell/minishell)
==1215688==    by 0x401577: main (in /mnt/nfs/homes/ldes-cou/42cursus/minishell/minishell)
==1215688== 
==1215688== 4,112 bytes in 1 blocks are still reachable in loss record 48 of 62
==1215688==    at 0x483B7F3: malloc (in /usr/lib/x86_64-linux-gnu/valgrind/vgpreload_memcheck-amd64-linux.so)
==1215688==    by 0x489E00C: xmalloc (in /usr/lib/x86_64-linux-gnu/libreadline.so.8.0)
==1215688==    by 0x487CA91: rl_make_bare_keymap (in /usr/lib/x86_64-linux-gnu/libreadline.so.8.0)
==1215688==    by 0x4883D79: rl_generic_bind (in /usr/lib/x86_64-linux-gnu/libreadline.so.8.0)
==1215688==    by 0x4884F1D: rl_bind_keyseq_if_unbound_in_map (in /usr/lib/x86_64-linux-gnu/libreadline.so.8.0)
==1215688==    by 0x4876F72: ??? (in /usr/lib/x86_64-linux-gnu/libreadline.so.8.0)
==1215688==    by 0x48782A1: rl_initialize (in /usr/lib/x86_64-linux-gnu/libreadline.so.8.0)
==1215688==    by 0x48784AF: readline (in /usr/lib/x86_64-linux-gnu/libreadline.so.8.0)
==1215688==    by 0x4014A2: minishell_loop (in /mnt/nfs/homes/ldes-cou/42cursus/minishell/minishell)
==1215688==    by 0x401577: main (in /mnt/nfs/homes/ldes-cou/42cursus/minishell/minishell)
==1215688== 
==1215688== 7,952 bytes in 1 blocks are still reachable in loss record 49 of 62
==1215688==    at 0x483DD99: calloc (in /usr/lib/x86_64-linux-gnu/valgrind/vgpreload_memcheck-amd64-linux.so)
==1215688==    by 0x4AB3FA7: ??? (in /usr/lib/x86_64-linux-gnu/libtinfo.so.6.2)
==1215688==    by 0x4AB479F: _nc_find_type_entry (in /usr/lib/x86_64-linux-gnu/libtinfo.so.6.2)
==1215688==    by 0x4AB8C9C: tgetstr_sp (in /usr/lib/x86_64-linux-gnu/libtinfo.so.6.2)
==1215688==    by 0x489379B: _rl_init_terminal_io (in /usr/lib/x86_64-linux-gnu/libreadline.so.8.0)
==1215688==    by 0x48781FF: rl_initialize (in /usr/lib/x86_64-linux-gnu/libreadline.so.8.0)
==1215688==    by 0x48784AF: readline (in /usr/lib/x86_64-linux-gnu/libreadline.so.8.0)
==1215688==    by 0x4014A2: minishell_loop (in /mnt/nfs/homes/ldes-cou/42cursus/minishell/minishell)
==1215688==    by 0x401577: main (in /mnt/nfs/homes/ldes-cou/42cursus/minishell/minishell)
==1215688== 
==1215688== 8,224 bytes in 2 blocks are still reachable in loss record 50 of 62
==1215688==    at 0x483B7F3: malloc (in /usr/lib/x86_64-linux-gnu/valgrind/vgpreload_memcheck-amd64-linux.so)
==1215688==    by 0x489E00C: xmalloc (in /usr/lib/x86_64-linux-gnu/libreadline.so.8.0)
==1215688==    by 0x487CA91: rl_make_bare_keymap (in /usr/lib/x86_64-linux-gnu/libreadline.so.8.0)
==1215688==    by 0x4883D79: rl_generic_bind (in /usr/lib/x86_64-linux-gnu/libreadline.so.8.0)
==1215688==    by 0x4884F1D: rl_bind_keyseq_if_unbound_in_map (in /usr/lib/x86_64-linux-gnu/libreadline.so.8.0)
==1215688==    by 0x4892FB7: ??? (in /usr/lib/x86_64-linux-gnu/libreadline.so.8.0)
==1215688==    by 0x4893897: _rl_init_terminal_io (in /usr/lib/x86_64-linux-gnu/libreadline.so.8.0)
==1215688==    by 0x48781FF: rl_initialize (in /usr/lib/x86_64-linux-gnu/libreadline.so.8.0)
==1215688==    by 0x48784AF: readline (in /usr/lib/x86_64-linux-gnu/libreadline.so.8.0)
==1215688==    by 0x4014A2: minishell_loop (in /mnt/nfs/homes/ldes-cou/42cursus/minishell/minishell)
==1215688==    by 0x401577: main (in /mnt/nfs/homes/ldes-cou/42cursus/minishell/minishell)
==1215688== 
==1215688== 8,224 bytes in 2 blocks are still reachable in loss record 51 of 62
==1215688==    at 0x483B7F3: malloc (in /usr/lib/x86_64-linux-gnu/valgrind/vgpreload_memcheck-amd64-linux.so)
==1215688==    by 0x489E00C: xmalloc (in /usr/lib/x86_64-linux-gnu/libreadline.so.8.0)
==1215688==    by 0x487CA91: rl_make_bare_keymap (in /usr/lib/x86_64-linux-gnu/libreadline.so.8.0)
==1215688==    by 0x4883D79: rl_generic_bind (in /usr/lib/x86_64-linux-gnu/libreadline.so.8.0)
==1215688==    by 0x4884F1D: rl_bind_keyseq_if_unbound_in_map (in /usr/lib/x86_64-linux-gnu/libreadline.so.8.0)
==1215688==    by 0x4892F45: ??? (in /usr/lib/x86_64-linux-gnu/libreadline.so.8.0)
==1215688==    by 0x48938A3: _rl_init_terminal_io (in /usr/lib/x86_64-linux-gnu/libreadline.so.8.0)
==1215688==    by 0x48781FF: rl_initialize (in /usr/lib/x86_64-linux-gnu/libreadline.so.8.0)
==1215688==    by 0x48784AF: readline (in /usr/lib/x86_64-linux-gnu/libreadline.so.8.0)
==1215688==    by 0x4014A2: minishell_loop (in /mnt/nfs/homes/ldes-cou/42cursus/minishell/minishell)
==1215688==    by 0x401577: main (in /mnt/nfs/homes/ldes-cou/42cursus/minishell/minishell)
==1215688== 
==1215688== 8,224 bytes in 2 blocks are still reachable in loss record 52 of 62
==1215688==    at 0x483B7F3: malloc (in /usr/lib/x86_64-linux-gnu/valgrind/vgpreload_memcheck-amd64-linux.so)
==1215688==    by 0x489E00C: xmalloc (in /usr/lib/x86_64-linux-gnu/libreadline.so.8.0)
==1215688==    by 0x487CA91: rl_make_bare_keymap (in /usr/lib/x86_64-linux-gnu/libreadline.so.8.0)
==1215688==    by 0x4883D79: rl_generic_bind (in /usr/lib/x86_64-linux-gnu/libreadline.so.8.0)
==1215688==    by 0x4884F1D: rl_bind_keyseq_if_unbound_in_map (in /usr/lib/x86_64-linux-gnu/libreadline.so.8.0)
==1215688==    by 0x4892FB7: ??? (in /usr/lib/x86_64-linux-gnu/libreadline.so.8.0)
==1215688==    by 0x48938A3: _rl_init_terminal_io (in /usr/lib/x86_64-linux-gnu/libreadline.so.8.0)
==1215688==    by 0x48781FF: rl_initialize (in /usr/lib/x86_64-linux-gnu/libreadline.so.8.0)
==1215688==    by 0x48784AF: readline (in /usr/lib/x86_64-linux-gnu/libreadline.so.8.0)
==1215688==    by 0x4014A2: minishell_loop (in /mnt/nfs/homes/ldes-cou/42cursus/minishell/minishell)
==1215688==    by 0x401577: main (in /mnt/nfs/homes/ldes-cou/42cursus/minishell/minishell)
==1215688== 
==1215688== 8,224 bytes in 2 blocks are still reachable in loss record 53 of 62
==1215688==    at 0x483B7F3: malloc (in /usr/lib/x86_64-linux-gnu/valgrind/vgpreload_memcheck-amd64-linux.so)
==1215688==    by 0x489E00C: xmalloc (in /usr/lib/x86_64-linux-gnu/libreadline.so.8.0)
==1215688==    by 0x487CA91: rl_make_bare_keymap (in /usr/lib/x86_64-linux-gnu/libreadline.so.8.0)
==1215688==    by 0x4883D79: rl_generic_bind (in /usr/lib/x86_64-linux-gnu/libreadline.so.8.0)
==1215688==    by 0x4884F1D: rl_bind_keyseq_if_unbound_in_map (in /usr/lib/x86_64-linux-gnu/libreadline.so.8.0)
==1215688==    by 0x4892F45: ??? (in /usr/lib/x86_64-linux-gnu/libreadline.so.8.0)
==1215688==    by 0x48938AF: _rl_init_terminal_io (in /usr/lib/x86_64-linux-gnu/libreadline.so.8.0)
==1215688==    by 0x48781FF: rl_initialize (in /usr/lib/x86_64-linux-gnu/libreadline.so.8.0)
==1215688==    by 0x48784AF: readline (in /usr/lib/x86_64-linux-gnu/libreadline.so.8.0)
==1215688==    by 0x4014A2: minishell_loop (in /mnt/nfs/homes/ldes-cou/42cursus/minishell/minishell)
==1215688==    by 0x401577: main (in /mnt/nfs/homes/ldes-cou/42cursus/minishell/minishell)
==1215688== 
==1215688== 8,224 bytes in 2 blocks are still reachable in loss record 54 of 62
==1215688==    at 0x483B7F3: malloc (in /usr/lib/x86_64-linux-gnu/valgrind/vgpreload_memcheck-amd64-linux.so)
==1215688==    by 0x489E00C: xmalloc (in /usr/lib/x86_64-linux-gnu/libreadline.so.8.0)
==1215688==    by 0x487CA91: rl_make_bare_keymap (in /usr/lib/x86_64-linux-gnu/libreadline.so.8.0)
==1215688==    by 0x4883D79: rl_generic_bind (in /usr/lib/x86_64-linux-gnu/libreadline.so.8.0)
==1215688==    by 0x4884F1D: rl_bind_keyseq_if_unbound_in_map (in /usr/lib/x86_64-linux-gnu/libreadline.so.8.0)
==1215688==    by 0x4892FB7: ??? (in /usr/lib/x86_64-linux-gnu/libreadline.so.8.0)
==1215688==    by 0x48938AF: _rl_init_terminal_io (in /usr/lib/x86_64-linux-gnu/libreadline.so.8.0)
==1215688==    by 0x48781FF: rl_initialize (in /usr/lib/x86_64-linux-gnu/libreadline.so.8.0)
==1215688==    by 0x48784AF: readline (in /usr/lib/x86_64-linux-gnu/libreadline.so.8.0)
==1215688==    by 0x4014A2: minishell_loop (in /mnt/nfs/homes/ldes-cou/42cursus/minishell/minishell)
==1215688==    by 0x401577: main (in /mnt/nfs/homes/ldes-cou/42cursus/minishell/minishell)
==1215688== 
==1215688== 8,224 bytes in 2 blocks are still reachable in loss record 55 of 62
==1215688==    at 0x483B7F3: malloc (in /usr/lib/x86_64-linux-gnu/valgrind/vgpreload_memcheck-amd64-linux.so)
==1215688==    by 0x489E00C: xmalloc (in /usr/lib/x86_64-linux-gnu/libreadline.so.8.0)
==1215688==    by 0x487CA91: rl_make_bare_keymap (in /usr/lib/x86_64-linux-gnu/libreadline.so.8.0)
==1215688==    by 0x4883D79: rl_generic_bind (in /usr/lib/x86_64-linux-gnu/libreadline.so.8.0)
==1215688==    by 0x4884F1D: rl_bind_keyseq_if_unbound_in_map (in /usr/lib/x86_64-linux-gnu/libreadline.so.8.0)
==1215688==    by 0x4876F63: ??? (in /usr/lib/x86_64-linux-gnu/libreadline.so.8.0)
==1215688==    by 0x4878274: rl_initialize (in /usr/lib/x86_64-linux-gnu/libreadline.so.8.0)
==1215688==    by 0x48784AF: readline (in /usr/lib/x86_64-linux-gnu/libreadline.so.8.0)
==1215688==    by 0x4014A2: minishell_loop (in /mnt/nfs/homes/ldes-cou/42cursus/minishell/minishell)
==1215688==    by 0x401577: main (in /mnt/nfs/homes/ldes-cou/42cursus/minishell/minishell)
==1215688== 
==1215688== 8,224 bytes in 2 blocks are still reachable in loss record 56 of 62
==1215688==    at 0x483B7F3: malloc (in /usr/lib/x86_64-linux-gnu/valgrind/vgpreload_memcheck-amd64-linux.so)
==1215688==    by 0x489E00C: xmalloc (in /usr/lib/x86_64-linux-gnu/libreadline.so.8.0)
==1215688==    by 0x487CA91: rl_make_bare_keymap (in /usr/lib/x86_64-linux-gnu/libreadline.so.8.0)
==1215688==    by 0x4883D79: rl_generic_bind (in /usr/lib/x86_64-linux-gnu/libreadline.so.8.0)
==1215688==    by 0x4884F1D: rl_bind_keyseq_if_unbound_in_map (in /usr/lib/x86_64-linux-gnu/libreadline.so.8.0)
==1215688==    by 0x4876F63: ??? (in /usr/lib/x86_64-linux-gnu/libreadline.so.8.0)
==1215688==    by 0x4878283: rl_initialize (in /usr/lib/x86_64-linux-gnu/libreadline.so.8.0)
==1215688==    by 0x48784AF: readline (in /usr/lib/x86_64-linux-gnu/libreadline.so.8.0)
==1215688==    by 0x4014A2: minishell_loop (in /mnt/nfs/homes/ldes-cou/42cursus/minishell/minishell)
==1215688==    by 0x401577: main (in /mnt/nfs/homes/ldes-cou/42cursus/minishell/minishell)
==1215688== 
==1215688== 8,224 bytes in 2 blocks are still reachable in loss record 57 of 62
==1215688==    at 0x483B7F3: malloc (in /usr/lib/x86_64-linux-gnu/valgrind/vgpreload_memcheck-amd64-linux.so)
==1215688==    by 0x489E00C: xmalloc (in /usr/lib/x86_64-linux-gnu/libreadline.so.8.0)
==1215688==    by 0x487CA91: rl_make_bare_keymap (in /usr/lib/x86_64-linux-gnu/libreadline.so.8.0)
==1215688==    by 0x4883D79: rl_generic_bind (in /usr/lib/x86_64-linux-gnu/libreadline.so.8.0)
==1215688==    by 0x4884F1D: rl_bind_keyseq_if_unbound_in_map (in /usr/lib/x86_64-linux-gnu/libreadline.so.8.0)
==1215688==    by 0x4876F63: ??? (in /usr/lib/x86_64-linux-gnu/libreadline.so.8.0)
==1215688==    by 0x48782A1: rl_initialize (in /usr/lib/x86_64-linux-gnu/libreadline.so.8.0)
==1215688==    by 0x48784AF: readline (in /usr/lib/x86_64-linux-gnu/libreadline.so.8.0)
==1215688==    by 0x4014A2: minishell_loop (in /mnt/nfs/homes/ldes-cou/42cursus/minishell/minishell)
==1215688==    by 0x401577: main (in /mnt/nfs/homes/ldes-cou/42cursus/minishell/minishell)
==1215688== 
==1215688== 8,224 bytes in 2 blocks are still reachable in loss record 58 of 62
==1215688==    at 0x483B7F3: malloc (in /usr/lib/x86_64-linux-gnu/valgrind/vgpreload_memcheck-amd64-linux.so)
==1215688==    by 0x489E00C: xmalloc (in /usr/lib/x86_64-linux-gnu/libreadline.so.8.0)
==1215688==    by 0x487CA91: rl_make_bare_keymap (in /usr/lib/x86_64-linux-gnu/libreadline.so.8.0)
==1215688==    by 0x4883D79: rl_generic_bind (in /usr/lib/x86_64-linux-gnu/libreadline.so.8.0)
==1215688==    by 0x4884F1D: rl_bind_keyseq_if_unbound_in_map (in /usr/lib/x86_64-linux-gnu/libreadline.so.8.0)
==1215688==    by 0x48782BF: rl_initialize (in /usr/lib/x86_64-linux-gnu/libreadline.so.8.0)
==1215688==    by 0x48784AF: readline (in /usr/lib/x86_64-linux-gnu/libreadline.so.8.0)
==1215688==    by 0x4014A2: minishell_loop (in /mnt/nfs/homes/ldes-cou/42cursus/minishell/minishell)
==1215688==    by 0x401577: main (in /mnt/nfs/homes/ldes-cou/42cursus/minishell/minishell)
==1215688== 
==1215688== 8,224 bytes in 2 blocks are still reachable in loss record 59 of 62
==1215688==    at 0x483B7F3: malloc (in /usr/lib/x86_64-linux-gnu/valgrind/vgpreload_memcheck-amd64-linux.so)
==1215688==    by 0x489E00C: xmalloc (in /usr/lib/x86_64-linux-gnu/libreadline.so.8.0)
==1215688==    by 0x487CA91: rl_make_bare_keymap (in /usr/lib/x86_64-linux-gnu/libreadline.so.8.0)
==1215688==    by 0x4883D79: rl_generic_bind (in /usr/lib/x86_64-linux-gnu/libreadline.so.8.0)
==1215688==    by 0x4884F1D: rl_bind_keyseq_if_unbound_in_map (in /usr/lib/x86_64-linux-gnu/libreadline.so.8.0)
==1215688==    by 0x48782D2: rl_initialize (in /usr/lib/x86_64-linux-gnu/libreadline.so.8.0)
==1215688==    by 0x48784AF: readline (in /usr/lib/x86_64-linux-gnu/libreadline.so.8.0)
==1215688==    by 0x4014A2: minishell_loop (in /mnt/nfs/homes/ldes-cou/42cursus/minishell/minishell)
==1215688==    by 0x401577: main (in /mnt/nfs/homes/ldes-cou/42cursus/minishell/minishell)
==1215688== 
==1215688== 12,336 bytes in 3 blocks are still reachable in loss record 60 of 62
==1215688==    at 0x483B7F3: malloc (in /usr/lib/x86_64-linux-gnu/valgrind/vgpreload_memcheck-amd64-linux.so)
==1215688==    by 0x489E00C: xmalloc (in /usr/lib/x86_64-linux-gnu/libreadline.so.8.0)
==1215688==    by 0x487CA91: rl_make_bare_keymap (in /usr/lib/x86_64-linux-gnu/libreadline.so.8.0)
==1215688==    by 0x4883D79: rl_generic_bind (in /usr/lib/x86_64-linux-gnu/libreadline.so.8.0)
==1215688==    by 0x4884F1D: rl_bind_keyseq_if_unbound_in_map (in /usr/lib/x86_64-linux-gnu/libreadline.so.8.0)
==1215688==    by 0x4876F3A: ??? (in /usr/lib/x86_64-linux-gnu/libreadline.so.8.0)
==1215688==    by 0x4878283: rl_initialize (in /usr/lib/x86_64-linux-gnu/libreadline.so.8.0)
==1215688==    by 0x48784AF: readline (in /usr/lib/x86_64-linux-gnu/libreadline.so.8.0)
==1215688==    by 0x4014A2: minishell_loop (in /mnt/nfs/homes/ldes-cou/42cursus/minishell/minishell)
==1215688==    by 0x401577: main (in /mnt/nfs/homes/ldes-cou/42cursus/minishell/minishell)
==1215688== 
==1215688== 12,336 bytes in 3 blocks are still reachable in loss record 61 of 62
==1215688==    at 0x483B7F3: malloc (in /usr/lib/x86_64-linux-gnu/valgrind/vgpreload_memcheck-amd64-linux.so)
==1215688==    by 0x489E00C: xmalloc (in /usr/lib/x86_64-linux-gnu/libreadline.so.8.0)
==1215688==    by 0x487CA91: rl_make_bare_keymap (in /usr/lib/x86_64-linux-gnu/libreadline.so.8.0)
==1215688==    by 0x4883D79: rl_generic_bind (in /usr/lib/x86_64-linux-gnu/libreadline.so.8.0)
==1215688==    by 0x4884F1D: rl_bind_keyseq_if_unbound_in_map (in /usr/lib/x86_64-linux-gnu/libreadline.so.8.0)
==1215688==    by 0x4876F3A: ??? (in /usr/lib/x86_64-linux-gnu/libreadline.so.8.0)
==1215688==    by 0x48782A1: rl_initialize (in /usr/lib/x86_64-linux-gnu/libreadline.so.8.0)
==1215688==    by 0x48784AF: readline (in /usr/lib/x86_64-linux-gnu/libreadline.so.8.0)
==1215688==    by 0x4014A2: minishell_loop (in /mnt/nfs/homes/ldes-cou/42cursus/minishell/minishell)
==1215688==    by 0x401577: main (in /mnt/nfs/homes/ldes-cou/42cursus/minishell/minishell)
==1215688== 
==1215688== 28,784 bytes in 7 blocks are still reachable in loss record 62 of 62
==1215688==    at 0x483B7F3: malloc (in /usr/lib/x86_64-linux-gnu/valgrind/vgpreload_memcheck-amd64-linux.so)
==1215688==    by 0x489E00C: xmalloc (in /usr/lib/x86_64-linux-gnu/libreadline.so.8.0)
==1215688==    by 0x487CA91: rl_make_bare_keymap (in /usr/lib/x86_64-linux-gnu/libreadline.so.8.0)
==1215688==    by 0x4883D79: rl_generic_bind (in /usr/lib/x86_64-linux-gnu/libreadline.so.8.0)
==1215688==    by 0x4885A92: rl_parse_and_bind (in /usr/lib/x86_64-linux-gnu/libreadline.so.8.0)
==1215688==    by 0x4885C6C: ??? (in /usr/lib/x86_64-linux-gnu/libreadline.so.8.0)
==1215688==    by 0x4878228: rl_initialize (in /usr/lib/x86_64-linux-gnu/libreadline.so.8.0)
==1215688==    by 0x48784AF: readline (in /usr/lib/x86_64-linux-gnu/libreadline.so.8.0)
==1215688==    by 0x4014A2: minishell_loop (in /mnt/nfs/homes/ldes-cou/42cursus/minishell/minishell)
==1215688==    by 0x401577: main (in /mnt/nfs/homes/ldes-cou/42cursus/minishell/minishell)
==1215688== 
==1215688== LEAK SUMMARY:
==1215688==    definitely lost: 0 bytes in 0 blocks
==1215688==    indirectly lost: 0 bytes in 0 blocks
==1215688==      possibly lost: 0 bytes in 0 blocks
==1215688==    still reachable: 200,762 bytes in 219 blocks
==1215688==         suppressed: 3,994 bytes in 3 blocks
==1215688== 
==1215688== For lists of detected and suppressed errors, rerun with: -s
==1215688== ERROR SUMMARY: 0 errors from 0 contexts (suppressed: 0 from 0)
